This is pdfTeX, Version 3.141592653-2.6-1.40.22 (TeX Live 2022/dev/Debian) (preloaded format=pdflatex 2024.1.26)  21 FEB 2024 20:34
entering extended mode
 restricted \write18 enabled.
 file:line:error style messages enabled.
 %&-line parsing enabled.
**/home/hmills/JHU/comm-systems/notes/chap-4-analog-mod-demod.tex
(/home/hmills/JHU/comm-systems/notes/chap-4-analog-mod-demod.tex
LaTeX2e <2021-11-15> patch level 1
L3 programming layer <2022-01-21> (/usr/share/texlive/texmf-dist/tex/latex/base/article.cls
Document Class: article 2021/10/04 v1.4n Standard LaTeX document class
(/usr/share/texlive/texmf-dist/tex/latex/base/size10.clo
File: size10.clo 2021/10/04 v1.4n Standard LaTeX file (size option)
)
\c@part=\count185
\c@section=\count186
\c@subsection=\count187
\c@subsubsection=\count188
\c@paragraph=\count189
\c@subparagraph=\count190
\c@figure=\count191
\c@table=\count192
\abovecaptionskip=\skip47
\belowcaptionskip=\skip48
\bibindent=\dimen138
) (/usr/share/texlive/texmf-dist/tex/latex/graphics/graphicx.sty
Package: graphicx 2021/09/16 v1.2d Enhanced LaTeX Graphics (DPC,SPQR)
 (/usr/share/texlive/texmf-dist/tex/latex/graphics/keyval.sty
Package: keyval 2014/10/28 v1.15 key=value parser (DPC)
\KV@toks@=\toks16
) (/usr/share/texlive/texmf-dist/tex/latex/graphics/graphics.sty
Package: graphics 2021/03/04 v1.4d Standard LaTeX Graphics (DPC,SPQR)
 (/usr/share/texlive/texmf-dist/tex/latex/graphics/trig.sty
Package: trig 2021/08/11 v1.11 sin cos tan (DPC)
) (/usr/share/texlive/texmf-dist/tex/latex/graphics-cfg/graphics.cfg
File: graphics.cfg 2016/06/04 v1.11 sample graphics configuration
)
Package graphics Info: Driver file: pdftex.def on input line 107.
 (/usr/share/texlive/texmf-dist/tex/latex/graphics-def/pdftex.def
File: pdftex.def 2020/10/05 v1.2a Graphics/color driver for pdftex
))
\Gin@req@height=\dimen139
\Gin@req@width=\dimen140
) (/usr/share/texlive/texmf-dist/tex/latex/amsmath/amsmath.sty
Package: amsmath 2021/10/15 v2.17l AMS math features
\@mathmargin=\skip49

For additional information on amsmath, use the `?' option.
(/usr/share/texlive/texmf-dist/tex/latex/amsmath/amstext.sty
Package: amstext 2021/08/26 v2.01 AMS text
 (/usr/share/texlive/texmf-dist/tex/latex/amsmath/amsgen.sty
File: amsgen.sty 1999/11/30 v2.0 generic functions
\@emptytoks=\toks17
\ex@=\dimen141
)) (/usr/share/texlive/texmf-dist/tex/latex/amsmath/amsbsy.sty
Package: amsbsy 1999/11/29 v1.2d Bold Symbols
\pmbraise@=\dimen142
) (/usr/share/texlive/texmf-dist/tex/latex/amsmath/amsopn.sty
Package: amsopn 2021/08/26 v2.02 operator names
)
\inf@bad=\count193
LaTeX Info: Redefining \frac on input line 234.
\uproot@=\count194
\leftroot@=\count195
LaTeX Info: Redefining \overline on input line 399.
\classnum@=\count196
\DOTSCASE@=\count197
LaTeX Info: Redefining \ldots on input line 496.
LaTeX Info: Redefining \dots on input line 499.
LaTeX Info: Redefining \cdots on input line 620.
\Mathstrutbox@=\box50
\strutbox@=\box51
\big@size=\dimen143
LaTeX Font Info:    Redeclaring font encoding OML on input line 743.
LaTeX Font Info:    Redeclaring font encoding OMS on input line 744.
\macc@depth=\count198
\c@MaxMatrixCols=\count199
\dotsspace@=\muskip16
\c@parentequation=\count266
\dspbrk@lvl=\count267
\tag@help=\toks18
\row@=\count268
\column@=\count269
\maxfields@=\count270
\andhelp@=\toks19
\eqnshift@=\dimen144
\alignsep@=\dimen145
\tagshift@=\dimen146
\tagwidth@=\dimen147
\totwidth@=\dimen148
\lineht@=\dimen149
\@envbody=\toks20
\multlinegap=\skip50
\multlinetaggap=\skip51
\mathdisplay@stack=\toks21
LaTeX Info: Redefining \[ on input line 2938.
LaTeX Info: Redefining \] on input line 2939.
) (/usr/share/texlive/texmf-dist/tex/latex/amsfonts/amsfonts.sty
Package: amsfonts 2013/01/14 v3.01 Basic AMSFonts support
\symAMSa=\mathgroup4
\symAMSb=\mathgroup5
LaTeX Font Info:    Redeclaring math symbol \hbar on input line 98.
LaTeX Font Info:    Overwriting math alphabet `\mathfrak' in version `bold'
(Font)                  U/euf/m/n --> U/euf/b/n on input line 106.
) (/usr/share/texlive/texmf-dist/tex/latex/l3backend/l3backend-pdftex.def
File: l3backend-pdftex.def 2022-01-12 L3 backend support: PDF output (pdfTeX)
\l__color_backend_stack_int=\count271
\l__pdf_internal_box=\box52
) (./chap-4-analog-mod-demod.aux)
\openout1 = `chap-4-analog-mod-demod.aux'.

LaTeX Font Info:    Checking defaults for OML/cmm/m/it on input line 21.
LaTeX Font Info:    ... okay on input line 21.
LaTeX Font Info:    Checking defaults for OMS/cmsy/m/n on input line 21.
LaTeX Font Info:    ... okay on input line 21.
LaTeX Font Info:    Checking defaults for OT1/cmr/m/n on input line 21.
LaTeX Font Info:    ... okay on input line 21.
LaTeX Font Info:    Checking defaults for T1/cmr/m/n on input line 21.
LaTeX Font Info:    ... okay on input line 21.
LaTeX Font Info:    Checking defaults for TS1/cmr/m/n on input line 21.
LaTeX Font Info:    ... okay on input line 21.
LaTeX Font Info:    Checking defaults for OMX/cmex/m/n on input line 21.
LaTeX Font Info:    ... okay on input line 21.
LaTeX Font Info:    Checking defaults for U/cmr/m/n on input line 21.
LaTeX Font Info:    ... okay on input line 21.
 (/usr/share/texlive/texmf-dist/tex/context/base/mkii/supp-pdf.mkii
[Loading MPS to PDF converter (version 2006.09.02).]
\scratchcounter=\count272
\scratchdimen=\dimen150
\scratchbox=\box53
\nofMPsegments=\count273
\nofMParguments=\count274
\everyMPshowfont=\toks22
\MPscratchCnt=\count275
\MPscratchDim=\dimen151
\MPnumerator=\count276
\makeMPintoPDFobject=\count277
\everyMPtoPDFconversion=\toks23
) (/usr/share/texlive/texmf-dist/tex/latex/epstopdf-pkg/epstopdf-base.sty
Package: epstopdf-base 2020-01-24 v2.11 Base part for package epstopdf
Package epstopdf-base Info: Redefining graphics rule for `.eps' on input line 485.
 (/usr/share/texlive/texmf-dist/tex/latex/latexconfig/epstopdf-sys.cfg
File: epstopdf-sys.cfg 2010/07/13 v1.3 Configuration of (r)epstopdf for TeX Live
))
LaTeX Font Info:    Trying to load font information for U+msa on input line 22.
 (/usr/share/texlive/texmf-dist/tex/latex/amsfonts/umsa.fd
File: umsa.fd 2013/01/14 v3.01 AMS symbols A
)
LaTeX Font Info:    Trying to load font information for U+msb on input line 22.
 (/usr/share/texlive/texmf-dist/tex/latex/amsfonts/umsb.fd
File: umsb.fd 2013/01/14 v3.01 AMS symbols B
)
<images//nl_mod.png, id=1, 609.27625pt x 159.59625pt>
File: images//nl_mod.png Graphic file (type png)
<use images//nl_mod.png>
Package pdftex.def Info: images//nl_mod.png  used on input line 56.
(pdftex.def)             Requested size: 352.31624pt x 92.2907pt.


LaTeX Warning: `h' float specifier changed to `ht'.


Underfull \hbox (badness 10000) in paragraph at lines 72--76

 []

[1

{/var/lib/texmf/fonts/map/pdftex/updmap/pdftex.map}]
<images//am_env.png, id=17, 559.08875pt x 534.99875pt>
File: images//am_env.png Graphic file (type png)
<use images//am_env.png>
Package pdftex.def Info: images//am_env.png  used on input line 99.
(pdftex.def)             Requested size: 352.31624pt x 337.14896pt.


LaTeX Warning: `h' float specifier changed to `ht'.

<images//env_det.png, id=18, 627.34375pt x 506.89375pt>
File: images//env_det.png Graphic file (type png)
<use images//env_det.png>
Package pdftex.def Info: images//env_det.png  used on input line 131.
(pdftex.def)             Requested size: 352.31624pt x 284.67842pt.

LaTeX Warning: `h' float specifier changed to `ht'.

[2 <./images//nl_mod.png>] [3 <./images//am_env.png>]
<images//ssbmod.png, id=28, 563.10374pt x 276.03125pt>
File: images//ssbmod.png Graphic file (type png)
<use images//ssbmod.png>
Package pdftex.def Info: images//ssbmod.png  used on input line 193.
(pdftex.def)             Requested size: 352.31624pt x 172.70442pt.


LaTeX Warning: `h' float specifier changed to `ht'.

<images//qam_mod_demod.png, id=29, 572.1375pt x 248.93pt>
File: images//qam_mod_demod.png Graphic file (type png)
<use images//qam_mod_demod.png>
Package pdftex.def Info: images//qam_mod_demod.png  used on input line 203.
(pdftex.def)             Requested size: 352.31624pt x 153.29045pt.
[4 <./images//env_det.png>] [5 <./images//ssbmod.png> <./images//qam_mod_demod.png>]
<images//vsb_mod_demod.png, id=40, 645.41125pt x 177.66376pt>
File: images//vsb_mod_demod.png Graphic file (type png)
<use images//vsb_mod_demod.png>
Package pdftex.def Info: images//vsb_mod_demod.png  used on input line 235.
(pdftex.def)             Requested size: 352.31624pt x 96.9807pt.
<images//shr.jpg, id=41, 313.17pt x 219.82124pt>
File: images//shr.jpg Graphic file (type jpg)
<use images//shr.jpg>
Package pdftex.def Info: images//shr.jpg  used on input line 264.
(pdftex.def)             Requested size: 352.31624pt x 247.30833pt.


LaTeX Warning: `h' float specifier changed to `ht'.

[6 <./images//vsb_mod_demod.png>]
<images//pll.png, id=46, 385.44pt x 322.20375pt>
File: images//pll.png Graphic file (type png)
<use images//pll.png>
Package pdftex.def Info: images//pll.png  used on input line 290.
(pdftex.def)             Requested size: 352.31624pt x 294.51363pt.


LaTeX Warning: `h' float specifier changed to `ht'.

<images//smallerr.png, id=47, 542.025pt x 150.5625pt>
File: images//smallerr.png Graphic file (type png)
<use images//smallerr.png>
Package pdftex.def Info: images//smallerr.png  used on input line 326.
(pdftex.def)             Requested size: 352.31624pt x 97.86905pt.
[7 <./images//shr.jpg>] [8 <./images//pll.png> <./images//smallerr.png>]
<images//fm_pm.png, id=57, 605.26125pt x 277.035pt>
File: images//fm_pm.png Graphic file (type png)
<use images//fm_pm.png>
Package pdftex.def Info: images//fm_pm.png  used on input line 412.
(pdftex.def)             Requested size: 352.31624pt x 161.25954pt.


LaTeX Warning: `h' float specifier changed to `ht'.

[9] [10 <./images//fm_pm.png>]
<images//fm_demod.png, id=65, 424.58624pt x 127.47626pt>
File: images//fm_demod.png Graphic file (type png)
<use images//fm_demod.png>
Package pdftex.def Info: images//fm_demod.png  used on input line 507.
(pdftex.def)             Requested size: 352.31624pt x 105.7819pt.
 [11 <./images//fm_demod.png>] (./chap-4-analog-mod-demod.aux) ) 
Here is how much of TeX's memory you used:
 2217 strings out of 478287
 34761 string characters out of 5849289
 331882 words of memory out of 5000000
 20412 multiletter control sequences out of 15000+600000
 477122 words of font info for 59 fonts, out of 8000000 for 9000
 1141 hyphenation exceptions out of 8191
 55i,7n,62p,276b,243s stack positions out of 5000i,500n,10000p,200000b,80000s
</usr/share/texlive/texmf-dist/fonts/type1/public/amsfonts/cm/cmbx10.pfb></usr/share/texlive/texmf-dist/fonts/type1/public/amsfonts/cm/cmbx12.pfb></usr/share/texlive/texmf-dist/fonts/type1/public/amsfonts/cm/cmex10.pfb></usr/share/texlive/texmf-dist/fonts/type1/public/amsfonts/cm/cmmi10.pfb></usr/share/texlive/texmf-dist/fonts/type1/public/amsfonts/cm/cmmi7.pfb></usr/share/texlive/texmf-dist/fonts/type1/public/amsfonts/cm/cmr10.pfb></usr/share/texlive/texmf-dist/fonts/type1/public/amsfonts/cm/cmr12.pfb></usr/share/texlive/texmf-dist/fonts/type1/public/amsfonts/cm/cmr17.pfb></usr/share/texlive/texmf-dist/fonts/type1/public/amsfonts/cm/cmr7.pfb></usr/share/texlive/texmf-dist/fonts/type1/public/amsfonts/cm/cmsy10.pfb></usr/share/texlive/texmf-dist/fonts/type1/public/amsfonts/cm/cmsy7.pfb>
Output written on chap-4-analog-mod-demod.pdf (11 pages, 389911 bytes).
PDF statistics:
 117 PDF objects out of 1000 (max. 8388607)
 60 compressed objects within 1 object stream
 0 named destinations out of 1000 (max. 500000)
 56 words of extra memory for PDF output out of 10000 (max. 10000000)

